<?xml version="1.0" encoding="utf-8"?><testsuites name="pytest tests"><testsuite name="pytest" errors="0" failures="1" skipped="0" tests="12" time="4.139" timestamp="2026-09-25T06:39:42.594582+00:00" hostname="agent-env-d8f2d513-7fd0-41f1-96ad-fc80383f7701"><testcase classname="tests.test_deployment_changes" name="test_health_endpoint" time="0.139" /><testcase classname="tests.test_deployment_changes" name="test_root_api_endpoint" time="0.057" /><testcase classname="tests.test_deployment_changes" name="test_cors_preflight_echoes_origin" time="0.149" /><testcase classname="tests.test_deployment_changes" name="test_auth_me_with_bearer" time="0.400" /><testcase classname="tests.test_deployment_changes" name="test_auth_me_without_token_401" time="0.114" /><testcase classname="tests.test_deployment_changes" name="test_logout_invalidates_token" time="0.629" /><testcase classname="tests.test_deployment_changes" name="test_document_upload_returns_503_when_cloudinary_missing" time="0.118"><failure message="AssertionError: expected 503 got 502: &lt;!DOCTYPE html&gt;&#10;  &lt;!--[if lt IE 7]&gt; &lt;html class=&quot;no-js ie6 oldie&quot; lang=&quot;en-US&quot;&gt; &lt;![endif]--&gt;&#10;  &lt;!--[if IE 7]&gt;    &lt;html class=&quot;no-js ie7 oldie&quot; lang=&quot;en-US&quot;&gt; &lt;![endif]--&gt;&#10;  &lt;!--[if IE 8]&gt;    &lt;html class=&quot;no-js ie8 oldie&quot; lang=&quot;en-US&quot;&gt; &lt;![endif]--&gt;&#10;  &lt;!--[if gt IE 8]&gt;&lt;!--&gt; &lt;html class=&quot;no-js&quot; lang=&quot;en-US&quot;&gt; &lt;!&#10;assert 502 == 503&#10; +  where 502 = &lt;Response [502]&gt;.status_code">backend/tests/test_deployment_changes.py:137: in test_document_upload_returns_503_when_cloudinary_missing
    assert r.status_code == 503, f"expected 503 got {r.status_code}: {r.text[:300]}"
E   AssertionError: expected 503 got 502: &lt;!DOCTYPE html&gt;
E     &lt;!--[if lt IE 7]&gt; &lt;html class="no-js ie6 oldie" lang="en-US"&gt; &lt;![endif]--&gt;
E     &lt;!--[if IE 7]&gt;    &lt;html class="no-js ie7 oldie" lang="en-US"&gt; &lt;![endif]--&gt;
E     &lt;!--[if IE 8]&gt;    &lt;html class="no-js ie8 oldie" lang="en-US"&gt; &lt;![endif]--&gt;
E     &lt;!--[if gt IE 8]&gt;&lt;!--&gt; &lt;html class="no-js" lang="en-US"&gt; &lt;!
E   assert 502 == 503
E    +  where 502 = &lt;Response [502]&gt;.status_code</failure></testcase><testcase classname="tests.test_deployment_changes" name="test_all_roles_login_and_me[admin]" time="0.406" /><testcase classname="tests.test_deployment_changes" name="test_all_roles_login_and_me[adminproject]" time="0.411" /><testcase classname="tests.test_deployment_changes" name="test_all_roles_login_and_me[developer]" time="0.399" /><testcase classname="tests.test_deployment_changes" name="test_all_roles_login_and_me[accounting]" time="0.393" /><testcase classname="tests.test_deployment_changes" name="test_all_roles_login_and_me[client]" time="0.394" /></testsuite></testsuites>