<?xml version="1.0" encoding="utf-8"?><testsuites name="pytest tests"><testsuite name="pytest" errors="0" failures="0" skipped="0" tests="15" time="6.721" timestamp="2026-09-25T08:01:53.186390+00:00" hostname="agent-env-d8f2d513-7fd0-41f1-96ad-fc80383f7701"><testcase classname="tests.test_iteration3_features.TestCostTypesExpenses" name="test_admin_project_forbidden" time="2.725" /><testcase classname="tests.test_iteration3_features.TestCostTypesExpenses" name="test_admin_accounting_can_list" time="0.311" /><testcase classname="tests.test_iteration3_features.TestKanbanTasks" name="test_admin_create_task_with_subtasks" time="3.178" /><testcase classname="tests.test_iteration3_features.TestCostTypesExpenses" name="test_expense_updates_project_server_cost" time="0.389" /><testcase classname="tests.test_iteration3_features.TestKanbanTasks" name="test_admin_patch_status_and_server" time="0.067" /><testcase classname="tests.test_iteration3_features.TestKanbanTasks" name="test_subtasks_crud_and_toggle" time="0.223" /><testcase classname="tests.test_iteration3_features.TestCostTypesExpenses" name="test_delete_cost_type_in_use_400" time="0.321" /><testcase classname="tests.test_iteration3_features.TestKanbanTasks" name="test_developer_status_ok_title_forbidden" time="0.147" /><testcase classname="tests.test_iteration3_features.TestKanbanTasks" name="test_client_read_only" time="0.140" /><testcase classname="tests.test_iteration3_features.TestRevisionTaskSync" name="test_create_revision_creates_task_and_sync" time="0.131" /><testcase classname="tests.test_iteration3_features.TestKanbanTasks" name="test_delete_task" time="0.089" /><testcase classname="tests.test_iteration3_features.TestTicketTaskAndNotifications" name="test_ticket_accept_creates_task_and_notification" time="0.349" /><testcase classname="tests.test_iteration3_features.TestRevisionTaskSync" name="test_patch_revision_syncs_task" time="0.125" /><testcase classname="tests.test_iteration3_features.TestRevisionTaskSync" name="test_patch_task_selesai_syncs_revision" time="0.132" /><testcase classname="tests.test_iteration3_features.TestAutoClientAccount" name="test_full_flow" time="1.972" /></testsuite></testsuites>