<?xml version="1.0" encoding="utf-8"?><testsuites name="pytest tests"><testsuite name="pytest" errors="0" failures="0" skipped="0" tests="13" time="2.499" timestamp="2026-09-25T14:41:41.700828+00:00" hostname="agent-env-af797a56-3947-4f9d-9894-18db1a3e39bc"><testcase classname="tests.test_iteration5_features" name="test_captcha_endpoint_is_recaptcha" time="0.485" /><testcase classname="tests.test_iteration5_features" name="test_login_invalid_recaptcha_returns_400" time="0.106" /><testcase classname="tests.test_iteration5_features" name="test_project_platforms_and_category" time="0.695" /><testcase classname="tests.test_iteration5_features" name="test_project_empty_platforms_rejected" time="0.007" /><testcase classname="tests.test_iteration5_features" name="test_all_projects_have_platforms" time="0.003" /><testcase classname="tests.test_iteration5_features" name="test_upload_and_download_lampiran" time="0.007" /><testcase classname="tests.test_iteration5_features" name="test_maintenance_create_default_status" time="0.016" /><testcase classname="tests.test_iteration5_features" name="test_maintenance_started_date_forces_development" time="0.009" /><testcase classname="tests.test_iteration5_features" name="test_maintenance_status_transitions_and_task_sync" time="0.039" /><testcase classname="tests.test_iteration5_features" name="test_task_to_maintenance_reverse_sync" time="0.020" /><testcase classname="tests.test_iteration5_features" name="test_trash_restore_and_permissions" time="0.705" /><testcase classname="tests.test_iteration5_features" name="test_audit_admin_only_and_filter" time="0.007" /><testcase classname="tests.test_iteration5_features" name="test_zzz_cleanup" time="0.014" /></testsuite></testsuites>