<?xml version="1.0" encoding="utf-8"?><testsuites name="pytest tests"><testsuite name="pytest" errors="0" failures="0" skipped="0" tests="13" time="9.613" timestamp="2026-09-25T14:08:06.236000+00:00" hostname="agent-env-af797a56-3947-4f9d-9894-18db1a3e39bc"><testcase classname="tests.test_kanban" name="test_login_all_roles" time="2.025" /><testcase classname="tests.test_kanban" name="test_default_statuses" time="0.541" /><testcase classname="tests.test_kanban" name="test_status_crud_manager_only" time="1.155" /><testcase classname="tests.test_kanban" name="test_task_create_and_fields" time="0.155" /><testcase classname="tests.test_kanban" name="test_task_patch_status_and_drag" time="0.376" /><testcase classname="tests.test_kanban" name="test_developer_permissions" time="0.305" /><testcase classname="tests.test_kanban" name="test_comments_flow" time="0.842" /><testcase classname="tests.test_kanban" name="test_timer_toggle_and_manual" time="1.691" /><testcase classname="tests.test_kanban" name="test_bulk_update" time="0.434" /><testcase classname="tests.test_kanban" name="test_stats" time="0.075" /><testcase classname="tests.test_kanban" name="test_feature_sync_with_task" time="0.551" /><testcase classname="tests.test_kanban" name="test_ticket_creates_task" time="0.825" /><testcase classname="tests.test_kanban" name="test_backfill_sources_present" time="0.089" /></testsuite></testsuites>