<?xml version="1.0" encoding="utf-8"?><testsuites name="pytest tests"><testsuite name="pytest" errors="0" failures="0" skipped="0" tests="20" time="11.384" timestamp="2026-09-25T05:51:42.046179+00:00" hostname="agent-env-b826c8af-3b21-4907-bab6-fd7ab014ab06"><testcase classname="tests.test_api_regression" name="test_captcha_and_login_all_5_roles" time="1.865" /><testcase classname="tests.test_api_regression" name="test_login_wrong_captcha" time="0.120" /><testcase classname="tests.test_api_regression" name="test_login_reused_captcha_rejected" time="0.395" /><testcase classname="tests.test_api_regression" name="test_login_wrong_password" time="0.339" /><testcase classname="tests.test_api_regression" name="test_anonymous_protected_api_rejected" time="0.115" /><testcase classname="tests.test_api_regression" name="test_client_scope_and_leak_protection" time="0.360" /><testcase classname="tests.test_api_regression" name="test_developer_scope_and_restrictions" time="0.238" /><testcase classname="tests.test_api_regression" name="test_accounting_permissions" time="0.242" /><testcase classname="tests.test_api_regression" name="test_admin_project_finance_isolation" time="0.121" /><testcase classname="tests.test_api_regression" name="test_admin_client_project_crud_and_date_validation" time="0.363" /><testcase classname="tests.test_api_regression" name="test_document_upload_download_and_validation" time="1.466" /><testcase classname="tests.test_api_regression" name="test_ticket_triage_and_developer_guardrails" time="0.428" /><testcase classname="tests.test_api_regression" name="test_user_management_and_password_change_disposable" time="1.984" /><testcase classname="tests.test_api_regression" name="test_client_forbidden_cross_client_ticket" time="0.056" /><testcase classname="tests.test_api_regression" name="test_workflow_development_requires_four_documents" time="1.476" /><testcase classname="tests.test_api_regression" name="test_maintenance_and_deployment_restrictions" time="0.247" /><testcase classname="tests.test_api_regression" name="test_csv_role_data_isolation" time="0.120" /><testcase classname="tests.test_api_regression" name="test_ticket_comment_internal_visibility" time="0.235" /><testcase classname="tests.test_api_regression" name="test_feature_progress_and_cost_profit_update" time="0.668" /><testcase classname="tests.test_api_regression" name="test_revision_out_of_scope_needs_estimate_and_approval" time="0.179" /></testsuite></testsuites>